\BOOKMARK [0][-]{chapter*.1}{\376\377\173\054\116\000\162\110\122\115\212\000}{}% 1
\BOOKMARK [0][-]{chapter*.2}{\376\377\173\054\116\214\162\110\122\115\212\000}{}% 2
\BOOKMARK [0][-]{chapter*.3}{\376\377\136\217}{}% 3
\BOOKMARK [0][-]{chapter.1}{\376\377\145\345\136\070\155\073\122\250}{}% 4
\BOOKMARK [1][-]{section.1.1}{\376\377\146\132\213\255}{chapter.1}% 5
\BOOKMARK [2][-]{subsection.1.1.1}{\376\377\220\032\167\345\133\211\143\222}{section.1.1}% 6
\BOOKMARK [2][-]{subsection.1.1.2}{\376\377\116\272\124\130\133\211\143\222}{section.1.1}% 7
\BOOKMARK [2][-]{subsection.1.1.3}{\376\377\155\073\122\250\121\205\133\271}{section.1.1}% 8
\BOOKMARK [2][-]{subsection.1.1.4}{\376\377\154\350\141\017\116\213\230\171}{section.1.1}% 9
\BOOKMARK [1][-]{section.1.2}{\376\377\124\150\147\053\123\125\145\345\232\221\210\114\155\073\122\250}{chapter.1}% 10
\BOOKMARK [2][-]{subsection.1.2.1}{\376\377\155\073\122\250\122\115\166\204\121\306\131\007}{section.1.2}% 11
\BOOKMARK [2][-]{subsection.1.2.2}{\376\377\155\073\122\250\116\055}{section.1.2}% 12
\BOOKMARK [2][-]{subsection.1.2.3}{\376\377\155\073\122\250\176\323\147\137\124\016}{section.1.2}% 13
\BOOKMARK [2][-]{subsection.1.2.4}{\376\377\154\350\141\017\116\213\230\171}{section.1.2}% 14
\BOOKMARK [1][-]{section.1.3}{\376\377\131\032\145\345\232\221\156\070\155\073\122\250}{chapter.1}% 15
\BOOKMARK [2][-]{subsection.1.3.1}{\376\377\155\073\122\250\122\115}{section.1.3}% 16
\BOOKMARK [2][-]{subsection.1.3.2}{\376\377\155\073\122\250\116\055}{section.1.3}% 17
\BOOKMARK [2][-]{subsection.1.3.3}{\376\377\155\073\122\250\124\016}{section.1.3}% 18
\BOOKMARK [1][-]{section.1.4}{\376\377\150\041\121\205\142\311\176\303}{chapter.1}% 19
\BOOKMARK [2][-]{subsection.1.4.1}{\376\377\150\041\121\205\133\232\124\021\215\212\221\316}{section.1.4}% 20
\BOOKMARK [2][-]{subsection.1.4.2}{\376\377\150\041\121\205\225\177\215\321}{section.1.4}% 21
\BOOKMARK [2][-]{subsection.1.4.3}{\376\377\213\262\136\247}{section.1.4}% 22
\BOOKMARK [1][-]{section.1.5}{\376\377\133\244\121\205\155\073\122\250}{chapter.1}% 23
\BOOKMARK [2][-]{subsection.1.5.1}{\376\377\151\202\217\360}{section.1.5}% 24
\BOOKMARK [2][-]{subsection.1.5.2}{\376\377\145\260\165\037\211\301\227\142\117\032}{section.1.5}% 25
\BOOKMARK [2][-]{subsection.1.5.3}{\376\377\146\221\147\037\142\245\124\112\117\032}{section.1.5}% 26
\BOOKMARK [2][-]{subsection.1.5.4}{\376\377\121\254\213\255\133\243\213\262\117\032}{section.1.5}% 27
\BOOKMARK [2][-]{subsection.1.5.5}{\376\377\146\221\147\037\133\243\213\262\117\032}{section.1.5}% 28
\BOOKMARK [2][-]{subsection.1.5.6}{\376\377\143\142\134\112\131\047\117\032}{section.1.5}% 29
\BOOKMARK [2][-]{subsection.1.5.7}{\376\377\165\037\145\345\117\032}{section.1.5}% 30
\BOOKMARK [2][-]{subsection.1.5.8}{\376\377\121\254\213\255\133\243\213\262\117\032}{section.1.5}% 31
\BOOKMARK [1][-]{section.1.6}{\376\377\133\146\150\041\116\073\230\230\155\073\122\250}{chapter.1}% 32
\BOOKMARK [2][-]{subsection.1.6.1}{\376\377\171\313\133\143\166\176\126\342\131\047\142\030}{section.1.6}% 33
\BOOKMARK [2][-]{subsection.1.6.2}{\376\377\221\321\202\162\166\204\136\014\147\033}{section.1.6}% 34
\BOOKMARK [2][-]{subsection.1.6.3}{\376\377\116\224\147\010\166\204\202\261\155\167}{section.1.6}% 35
\BOOKMARK [1][-]{section.1.7}{\376\377\150\300\217\146}{chapter.1}% 36
\BOOKMARK [1][-]{section.1.8}{\376\377\117\123\155\113}{chapter.1}% 37
\BOOKMARK [2][-]{subsection.1.8.1}{\376\377\215\321\153\145\117\123\155\113}{section.1.8}% 38
\BOOKMARK [2][-]{subsection.1.8.2}{\376\377\232\221\217\146\117\123\155\113}{section.1.8}% 39
\BOOKMARK [2][-]{subsection.1.8.3}{\376\377\171\346\166\207\134\233\117\123\155\113}{section.1.8}% 40
\BOOKMARK [2][-]{subsection.1.8.4}{\376\377\121\254\213\255\117\123\155\113}{section.1.8}% 41
\BOOKMARK [2][-]{subsection.1.8.5}{\376\377\146\221\147\037\117\123\155\113}{section.1.8}% 42
\BOOKMARK [2][-]{subsection.1.8.6}{\376\377\176\331\117\123\155\113\116\272\166\204\116\000\153\265\213\335}{section.1.8}% 43
\BOOKMARK [2][-]{subsection.1.8.7}{\376\377\117\123\155\113\143\222\124\015\213\241\173\227\145\271\154\325}{section.1.8}% 44
\BOOKMARK [1][-]{section.1.9}{\376\377\121\166\116\326\155\073\122\250}{chapter.1}% 45
\BOOKMARK [2][-]{subsection.1.9.1}{\376\377\122\067\151\174}{section.1.9}% 46
\BOOKMARK [2][-]{subsection.1.9.2}{\376\377\123\005\231\172\133\120}{section.1.9}% 47
\BOOKMARK [2][-]{subsection.1.9.3}{\376\377\123\005\174\275\133\120}{section.1.9}% 48
\BOOKMARK [0][-]{chapter.2}{\376\377\232\221\210\114\142\200\135\347}{}% 49
\BOOKMARK [1][-]{section.2.1}{\376\377\145\076\127\141}{chapter.2}% 50
\BOOKMARK [1][-]{section.2.2}{\376\377\162\054\127\141}{chapter.2}% 51
\BOOKMARK [1][-]{section.2.3}{\376\377\217\307\137\057}{chapter.2}% 52
\BOOKMARK [1][-]{section.2.4}{\376\377\226\350\232\221}{chapter.2}% 53
\BOOKMARK [1][-]{section.2.5}{\376\377\131\034\232\221}{chapter.2}% 54
\BOOKMARK [1][-]{section.2.6}{\376\377\144\107\217\146}{chapter.2}% 55
\BOOKMARK [1][-]{section.2.7}{\376\377\000x\000c}{chapter.2}% 56
\BOOKMARK [0][-]{chapter.3}{\376\377\232\221\210\114\116\213\230\171}{}% 57
\BOOKMARK [1][-]{section.3.1}{\376\377\127\372\147\054\121\306\122\031}{chapter.3}% 58
\BOOKMARK [2][-]{subsection.3.1.1}{\376\377\226\037\117\015\226\037\122\027}{section.3.1}% 59
\BOOKMARK [2][-]{subsection.3.1.2}{\376\377\216\017\230\221\116\016\150\143\117\115}{section.3.1}% 60
\BOOKMARK [2][-]{subsection.3.1.3}{\376\377\136\163\215\357\232\221\210\114}{section.3.1}% 61
\BOOKMARK [2][-]{subsection.3.1.4}{\376\377\136\070\211\301\116\244\211\304}{section.3.1}% 62
\BOOKMARK [2][-]{subsection.3.1.5}{\376\377\123\343\123\367\213\364\146\016}{section.3.1}% 63
\BOOKMARK [1][-]{section.3.2}{\376\377\232\221\210\114\200\114\122\241}{chapter.3}% 64
\BOOKMARK [2][-]{subsection.3.2.1}{\376\377\226\037\225\177}{section.3.2}% 65
\BOOKMARK [2][-]{subsection.3.2.2}{\376\377\122\115\232\221}{section.3.2}% 66
\BOOKMARK [2][-]{subsection.3.2.3}{\376\377\124\016\232\221}{section.3.2}% 67
\BOOKMARK [2][-]{subsection.3.2.4}{\376\377\122\115\172\331}{section.3.2}% 68
\BOOKMARK [2][-]{subsection.3.2.5}{\376\377\226\037\123\073}{section.3.2}% 69
\BOOKMARK [2][-]{subsection.3.2.6}{\376\377\144\104\137\161\116\016\226\037\213\260}{section.3.2}% 70
\BOOKMARK [2][-]{subsection.3.2.7}{\376\377\131\047\145\327}{section.3.2}% 71
\BOOKMARK [2][-]{subsection.3.2.8}{\376\377\137\303\164\006\131\324\124\130}{section.3.2}% 72
\BOOKMARK [1][-]{section.3.3}{\376\377\141\017\131\026\140\305\121\265\131\004\164\006\145\271\150\110}{chapter.3}% 73
\BOOKMARK [2][-]{subsection.3.3.1}{\376\377\143\211\226\037}{section.3.3}% 74
\BOOKMARK [2][-]{subsection.3.3.2}{\376\377\144\124\217\146}{section.3.3}% 75
\BOOKMARK [0][-]{chapter.4}{\376\377\215\357\176\277\140\073\176\323}{}% 76
\BOOKMARK [1][-]{section.4.1}{\376\377\000A\176\247\215\357\176\277\377\032\131\034\225\364}{chapter.4}% 77
\BOOKMARK [2][-]{subsection.4.1.1}{\376\377\131\034\156\070\116\254\127\316}{section.4.1}% 78
\BOOKMARK [2][-]{subsection.4.1.2}{\376\377\131\034\162\054\166\176\147\033\134\161}{section.4.1}% 79
\BOOKMARK [2][-]{subsection.4.1.3}{\376\377\131\145\126\355\122\067\127\010}{section.4.1}% 80
\BOOKMARK [1][-]{section.4.2}{\376\377\000B\176\247\215\357\176\277\377\032\232\221\156\070}{chapter.4}% 81
\BOOKMARK [2][-]{subsection.4.2.1}{\376\377\224\366\147\117\147\227}{section.4.2}% 82
\BOOKMARK [2][-]{subsection.4.2.2}{\376\377\121\344\121\360\134\255}{section.4.2}% 83
\BOOKMARK [2][-]{subsection.4.2.3}{\376\377\121\153\131\047\131\004}{section.4.2}% 84
\BOOKMARK [2][-]{subsection.4.2.4}{\376\377\123\101\116\011\226\165}{section.4.2}% 85
\BOOKMARK [2][-]{subsection.4.2.5}{\376\377\140\000\147\324\154\064\136\223}{section.4.2}% 86
\BOOKMARK [1][-]{section.4.3}{\376\377\000C\176\247\215\357\176\277\377\032\171\313\133\143\142\311\176\303}{chapter.4}% 87
\BOOKMARK [2][-]{subsection.4.3.1}{\376\377\131\052\202\037\127\136}{section.4.3}% 88
\BOOKMARK [2][-]{subsection.4.3.2}{\376\377\142\022\123\360\133\372}{section.4.3}% 89
\BOOKMARK [2][-]{subsection.4.3.3}{\376\377\203\275\134\161}{section.4.3}% 90
\BOOKMARK [2][-]{subsection.4.3.4}{\376\377\131\047\147\150\134\161}{section.4.3}% 91
\BOOKMARK [1][-]{section.4.4}{\376\377\000D\176\247\215\357\176\277\377\032\146\045\133\143\142\311\176\303}{chapter.4}% 92
\BOOKMARK [2][-]{subsection.4.4.1}{\376\377\157\155\163\213\215\357}{section.4.4}% 93
\BOOKMARK [2][-]{subsection.4.4.2}{\376\377\171\205\131\231\226\063\217\336\162\054}{section.4.4}% 94
\BOOKMARK [2][-]{subsection.4.4.3}{\376\377\227\355\126\355}{section.4.4}% 95
\BOOKMARK [2][-]{subsection.4.4.4}{\376\377\131\231\134\360\134\161}{section.4.4}% 96
\BOOKMARK [1][-]{section.4.5}{\376\377\000E\176\247\215\357\176\277\377\032\131\032\145\345\155\073\122\250\000/\162\171\153\212\155\073\122\250}{chapter.4}% 97
\BOOKMARK [2][-]{subsection.4.5.1}{\376\377\236\304\202\261\127\316\154\064\225\177\127\316}{section.4.5}% 98
\BOOKMARK [2][-]{subsection.4.5.2}{\376\377\116\224\116\000\377\010\215\144\130\301\134\161\377\011}{section.4.5}% 99
\BOOKMARK [2][-]{subsection.4.5.3}{\376\377\236\321\237\231\157\155}{section.4.5}% 100
\BOOKMARK [2][-]{subsection.4.5.4}{\376\377\166\176\221\314\165\073\136\312}{section.4.5}% 101
\BOOKMARK [2][-]{subsection.4.5.5}{\376\377\136\175\135\336\131\047\134\341\214\067}{section.4.5}% 102
\BOOKMARK [2][-]{subsection.4.5.6}{\376\377\171\346\166\207\134\233}{section.4.5}% 103
\BOOKMARK [0][-]{chapter.5}{\376\377\146\221\147\037\217\334\137\201}{}% 104
\BOOKMARK [1][-]{section.5.1}{\376\377\146\221\147\037\133\243\213\262\117\032}{chapter.5}% 105
\BOOKMARK [2][-]{subsection.5.1.1}{\376\377\226\037\124\130\220\011\142\324\145\271\150\110}{section.5.1}% 106
\BOOKMARK [1][-]{section.5.2}{\376\377\230\204\142\245\124\015}{chapter.5}% 107
\BOOKMARK [1][-]{section.5.3}{\376\377\146\221\147\037\201\352\217\360}{chapter.5}% 108
\BOOKMARK [1][-]{section.5.4}{\376\377\146\221\147\037\171\357\122\006}{chapter.5}% 109
\BOOKMARK [1][-]{section.5.5}{\376\377\117\123\155\113}{chapter.5}% 110
\BOOKMARK [1][-]{section.5.6}{\376\377\126\342\226\037\213\304\213\256}{chapter.5}% 111
\BOOKMARK [2][-]{subsection.5.6.1}{\376\377\171\357\122\006\123\312\117\123\155\113\131\126\122\261}{section.5.6}% 112
\BOOKMARK [1][-]{section.5.7}{\376\377\142\020\226\037}{chapter.5}% 113
\BOOKMARK [1][-]{section.5.8}{\376\377\226\037\121\205\116\213\133\234}{chapter.5}% 114
\BOOKMARK [1][-]{section.5.9}{\376\377\217\320\217\146}{chapter.5}% 115
\BOOKMARK [2][-]{subsection.5.9.1}{\376\377\116\055\224\301\137\353\217\320}{section.5.9}% 116
\BOOKMARK [2][-]{subsection.5.9.2}{\376\377\137\353\220\022}{section.5.9}% 117
\BOOKMARK [2][-]{subsection.5.9.3}{\376\377\162\151\155\101}{section.5.9}% 118
\BOOKMARK [2][-]{subsection.5.9.4}{\376\377\154\350\141\017\116\213\230\171}{section.5.9}% 119
\BOOKMARK [2][-]{subsection.5.9.5}{\376\377\142\306\210\305\142\200\135\347}{section.5.9}% 120
\BOOKMARK [1][-]{section.5.10}{\376\377\217\146\171\150}{chapter.5}% 121
\BOOKMARK [1][-]{section.5.11}{\376\377\232\330\123\237\232\221\210\114\154\350\141\017\116\213\230\171}{chapter.5}% 122
\BOOKMARK [1][-]{section.5.12}{\376\377\116\000\116\233\176\317\232\214}{chapter.5}% 123
\BOOKMARK [0][-]{chapter.6}{\376\377\136\070\211\301\134\017\156\070\142\017}{}% 124
\BOOKMARK [1][-]{section.6.1}{\376\377\133\244\121\205\134\017\156\070\142\017}{chapter.6}% 125
\BOOKMARK [1][-]{section.6.2}{\376\377\133\244\131\026\156\070\142\017}{chapter.6}% 126
\BOOKMARK [1][-]{section.6.3}{\376\377\162\374\116\272\147\100}{chapter.6}% 127
\BOOKMARK [1][-]{section.6.4}{\376\377\236\273\134\006}{chapter.6}% 128
\BOOKMARK [1][-]{section.6.5}{\376\377\116\011\126\375\147\100}{chapter.6}% 129
\BOOKMARK [1][-]{section.6.6}{\376\377\142\121\121\113}{chapter.6}% 130
\BOOKMARK [1][-]{section.6.7}{\376\377\172\336\141\142}{chapter.6}% 131
\BOOKMARK [1][-]{section.6.8}{\376\377\217\156\200\316\145\076\154\024}{chapter.6}% 132
\BOOKMARK [1][-]{section.6.9}{\376\377\134\017\131\320\162\114}{chapter.6}% 133
\BOOKMARK [1][-]{section.6.10}{\376\377\160\270\221\321\202\261}{chapter.6}% 134
\BOOKMARK [2][-]{subsection.6.10.1}{\376\377\156\070\142\017\211\304\122\031}{section.6.10}% 135
\BOOKMARK [2][-]{subsection.6.10.2}{\376\377\162\114\127\213\213\364\146\016}{section.6.10}% 136
\BOOKMARK [2][-]{subsection.6.10.3}{\376\377\162\114\127\213\153\324\217\203}{section.6.10}% 137
\BOOKMARK [1][-]{section.6.11}{\376\377\215\064\215\064}{chapter.6}% 138
\BOOKMARK [0][-]{chapter.7}{\376\377\232\221\210\114\210\305\131\007}{}% 139
\BOOKMARK [1][-]{section.7.1}{\376\377\116\272\216\253\210\305\131\007}{chapter.7}% 140
\BOOKMARK [1][-]{section.7.2}{\376\377\217\146\216\253\210\305\131\007}{chapter.7}% 141
\BOOKMARK [1][-]{section.7.3}{\376\377\165\037\155\073\165\050\124\301}{chapter.7}% 142
\BOOKMARK [1][-]{section.7.4}{\376\377\126\342\226\037\165\050\124\301}{chapter.7}% 143
\BOOKMARK [1][-]{section.7.5}{\376\377\201\352\210\114\217\146\000\040}{chapter.7}% 144
\BOOKMARK [1][-]{section.7.6}{\376\377\145\121\124\175\210\305\131\007}{chapter.7}% 145
\BOOKMARK [0][-]{chapter.8}{\376\377\116\244\220\032\135\345\121\167\217\335\171\201\124\301}{}% 146
\BOOKMARK [1][-]{section.8.1}{\376\377\230\336\147\072}{chapter.8}% 147
\BOOKMARK [2][-]{subsection.8.1.1}{\376\377\171\201\153\142\226\217\216\253\144\072\136\046\142\026\142\130\217\320}{section.8.1}% 148
\BOOKMARK [2][-]{subsection.8.1.2}{\376\377\124\261\116\354\227\000\211\201\154\350\141\017\166\204}{section.8.1}% 149
\BOOKMARK [1][-]{section.8.2}{\376\377\232\330\224\301\000/\160\153\217\146}{chapter.8}% 150
\BOOKMARK [2][-]{subsection.8.2.1}{\376\377\171\201\153\142\144\072\136\046}{section.8.2}% 151
\BOOKMARK [2][-]{subsection.8.2.2}{\376\377\124\261\116\354\227\000\211\201\154\350\141\017\166\204}{section.8.2}% 152
\BOOKMARK [1][-]{section.8.3}{\376\377\225\177\220\024\154\175\217\146}{chapter.8}% 153
\BOOKMARK [2][-]{subsection.8.3.1}{\376\377\171\201\153\142\144\072\136\046}{section.8.3}% 154
\BOOKMARK [2][-]{subsection.8.3.2}{\376\377\124\261\116\354\227\000\211\201\154\350\141\017\166\204}{section.8.3}% 155
\BOOKMARK [0][-]{chapter.9}{\376\377\124\004\220\350\225\350\133\236\165\050\117\341\140\157}{}% 156
\BOOKMARK [1][-]{section.9.1}{\376\377\133\243\117\040\220\350}{chapter.9}% 157
\BOOKMARK [1][-]{section.9.2}{\376\377\155\073\122\250\220\350}{chapter.9}% 158
\BOOKMARK [1][-]{section.9.3}{\376\377\133\236\215\365\220\350}{chapter.9}% 159
\BOOKMARK [0][-]{chapter.10}{\376\377\217\146\123\117\173\241\164\006\176\317\232\214}{}% 160
\BOOKMARK [1][-]{section.10.1}{\376\377\142\147\131\324\117\032}{chapter.10}% 161
\BOOKMARK [2][-]{subsection.10.1.1}{\376\377\171\313\133\143\133\146\147\037\173\054\116\000\153\041\142\147\131\324\117\032\000\040\0002\0000\0002\0001\000.\0009\000.\0005}{section.10.1}% 162
\BOOKMARK [2][-]{subsection.10.1.2}{\376\377\171\313\133\143\133\146\147\037\173\054\116\214\153\041\142\147\131\324\117\032\000\040\0002\0000\0002\0001\000.\0001\0000\000.\0009}{section.10.1}% 163
\BOOKMARK [2][-]{subsection.10.1.3}{\376\377\171\313\133\143\133\146\147\037\173\054\116\011\153\041\142\147\131\324\117\032\000\040\0002\0000\0002\0001\000.\0001\0001\000.\0000\0007}{section.10.1}% 164
\BOOKMARK [2][-]{subsection.10.1.4}{\376\377\171\313\133\143\133\146\147\037\173\054\126\333\153\041\142\147\131\324\117\032\000\040\0002\0000\0002\0002\000.\0001\000.\0001}{section.10.1}% 165
\BOOKMARK [2][-]{subsection.10.1.5}{\376\377\146\045\133\143\133\146\147\037\173\054\116\000\153\041\142\147\131\324\117\032\000\040\0002\0000\0002\0002\000.\0003\000.\0006}{section.10.1}% 166
\BOOKMARK [2][-]{subsection.10.1.6}{\376\377\146\045\133\143\133\146\147\037\173\054\116\214\153\041\142\147\131\324\117\032\000\040\0002\0000\0002\0002\000.\0004\000.\0001\0006}{section.10.1}% 167
\BOOKMARK [0][-]{chapter.11}{\376\377\150\041\145\271\116\244\155\101\155\101\172\013}{}% 168
\BOOKMARK [1][-]{section.11.1}{\376\377\120\037\145\131\133\244\155\101\172\013}{chapter.11}% 169
\BOOKMARK [2][-]{subsection.11.1.1}{\376\377\120\037\145\131\133\244\147\103\226\120}{section.11.1}% 170
\BOOKMARK [2][-]{subsection.11.1.2}{\376\377\120\037\145\131\133\244\155\101\172\013}{section.11.1}% 171
\BOOKMARK [2][-]{subsection.11.1.3}{\376\377\155\073\122\250\165\063\213\367}{section.11.1}% 172
\BOOKMARK [2][-]{subsection.11.1.4}{\376\377\131\202\117\125\176\277\116\012\165\063\213\367\120\037\145\131\133\244}{section.11.1}% 173
\BOOKMARK [1][-]{section.11.2}{\376\377\142\245\225\000}{chapter.11}% 174
\BOOKMARK [2][-]{subsection.11.2.1}{\376\377\137\000\171\150\117\341\140\157}{section.11.2}% 175
\BOOKMARK [2][-]{subsection.11.2.2}{\376\377\154\350\141\017\116\213\230\171}{section.11.2}% 176
\BOOKMARK [2][-]{subsection.11.2.3}{\376\377\142\245\225\000\152\041\147\177}{section.11.2}% 177
\BOOKMARK [0][-]{chapter.12}{\376\377\226\104\137\125}{}% 178
\BOOKMARK [1][-]{section.12.1}{\376\377\215\357\116\146\122\066\117\134\145\271\154\325}{chapter.12}% 179
\BOOKMARK [1][-]{section.12.2}{\376\377\123\027\116\254\232\330\150\041\217\146\123\117\220\032\213\257\137\125}{chapter.12}% 180
\BOOKMARK [1][-]{section.12.3}{\376\377\126\342\226\037\232\221\210\114\133\211\121\150\123\117\213\256}{chapter.12}% 181
\BOOKMARK [1][-]{section.12.4}{\376\377\133\146\116\140\156\040\220\123}{chapter.12}% 182
\BOOKMARK [1][-]{section.12.5}{\376\377\136\070\211\301\225\356\230\230}{chapter.12}% 183
\BOOKMARK [1][-]{section.12.6}{\376\377\120\074\137\227\210\253\213\260\117\117\166\204\213\335}{chapter.12}% 184
\BOOKMARK [1][-]{section.12.7}{\376\377\154\350\221\312}{chapter.12}% 185
\BOOKMARK [1][-]{section.12.8}{\376\377\167\355\117\341\000/\220\032\167\345\152\041\147\177}{chapter.12}% 186
\BOOKMARK [2][-]{subsection.12.8.1}{\376\377\146\132\213\255\220\032\167\345}{section.12.8}% 187
\BOOKMARK [2][-]{subsection.12.8.2}{\376\377\150\300\217\146\220\032\167\345}{section.12.8}% 188
\BOOKMARK [2][-]{subsection.12.8.3}{\376\377\145\260\165\037\211\301\227\142\117\032\220\032\167\345}{section.12.8}% 189
\BOOKMARK [2][-]{subsection.12.8.4}{\376\377\117\123\155\113\152\041\147\177}{section.12.8}% 190
\BOOKMARK [1][-]{section.12.9}{\376\377\131\064\166\324\156\005\155\001}{chapter.12}% 191
\BOOKMARK [0][-]{chapter.13}{\376\377\124\016\213\260}{}% 192
\BOOKMARK [1][-]{section.13.1}{\376\377\173\054\116\000\162\110\124\016\213\260}{chapter.13}% 193
